#! /home/linuxbrew/.linuxbrew/Cellar/icarus-verilog/11.0/bin/vvp
:ivl_version "11.0 (stable)";
:ivl_delay_selection "TYPICAL";
:vpi_time_precision - 9;
:vpi_module "/home/linuxbrew/.linuxbrew/Cellar/icarus-verilog/11.0/lib/ivl/system.vpi";
:vpi_module "/home/linuxbrew/.linuxbrew/Cellar/icarus-verilog/11.0/lib/ivl/vhdl_sys.vpi";
:vpi_module "/home/linuxbrew/.linuxbrew/Cellar/icarus-verilog/11.0/lib/ivl/vhdl_textio.vpi";
:vpi_module "/home/linuxbrew/.linuxbrew/Cellar/icarus-verilog/11.0/lib/ivl/v2005_math.vpi";
:vpi_module "/home/linuxbrew/.linuxbrew/Cellar/icarus-verilog/11.0/lib/ivl/va_math.vpi";
S_0x1875460 .scope module, "program" "program" 2 4;
 .timescale -8 -9;
P_0x189cdb0 .param/l "add" 0 2 16, C4<0010>;
P_0x189cdf0 .param/l "hlt" 0 2 19, C4<1111>;
P_0x189ce30 .param/l "jc" 0 2 18, C4<0111>;
P_0x189ce70 .param/l "jmp" 0 2 18, C4<0110>;
P_0x189ceb0 .param/l "jz" 0 2 19, C4<1000>;
P_0x189cef0 .param/l "lda" 0 2 15, C4<0001>;
P_0x189cf30 .param/l "ldi" 0 2 17, C4<0101>;
P_0x189cf70 .param/l "nop" 0 2 15, C4<0000>;
P_0x189cfb0 .param/l "out" 0 2 19, C4<1110>;
P_0x189cff0 .param/l "sta" 0 2 17, C4<0100>;
P_0x189d030 .param/l "sub" 0 2 16, C4<0011>;
v0x1936310_0 .net "outval", 0 0, L_0x193c350;  1 drivers
E_0x191b150 .event edge, v0x19326d0_0;
S_0x1905b70 .scope module, "bord" "board" 2 6, 3 10 0, S_0x1875460;
 .timescale -8 -9;
L_0x193ab50 .functor NOT 1, v0x19350b0_0, C4<0>, C4<0>, C4<0>;
L_0x193acb0 .functor BUFZ 3, v0x1930d90_0, C4<000>, C4<000>, C4<000>;
L_0x193ad20 .functor BUFZ 1, v0x192e0d0_0, C4<0>, C4<0>, C4<0>;
L_0x193aff0 .functor BUFZ 1, v0x192e790_0, C4<0>, C4<0>, C4<0>;
RS_0x7f3e257900a8 .resolv tri, L_0x1936450, L_0x19365e0, L_0x1936680, L_0x1939ec0, L_0x193a070, L_0x193a8b0;
v0x1934660_0 .net8 "Bus", 7 0, RS_0x7f3e257900a8;  6 drivers
v0x1934850_0 .net *"_ivl_14", 3 0, L_0x193abc0;  1 drivers
v0x1934930_0 .net *"_ivl_18", 2 0, L_0x193acb0;  1 drivers
v0x1934a20_0 .net *"_ivl_22", 0 0, L_0x193ad20;  1 drivers
v0x1934b00_0 .net *"_ivl_27", 0 0, L_0x193aff0;  1 drivers
v0x1934be0_0 .net "addrout", 3 0, v0x1932040_0;  1 drivers
v0x1934cf0_0 .net "aoa", 0 0, L_0x193b850;  1 drivers
v0x1934de0_0 .net "awa", 0 0, L_0x193b7b0;  1 drivers
v0x1934ed0_0 .var "boa", 0 0;
v0x1934f70_0 .net "bwa", 0 0, L_0x193bb70;  1 drivers
v0x1935010_0 .net "cf", 0 0, v0x192e0d0_0;  1 drivers
v0x19350b0_0 .var "clk", 0 0;
v0x1935260_0 .var "clr", 0 0;
v0x1935300_0 .net "cucountout", 2 0, v0x1930d90_0;  1 drivers
v0x19353a0_0 .net "display", 7 0, v0x1932770_0;  1 drivers
v0x1935440_0 .net "flagsin", 0 0, L_0x193c010;  1 drivers
L_0x7f3e257470f0 .functor BUFT 1, C4<0>, C4<0>, C4<0>, C4<0>;
RS_0x7f3e25791e78 .resolv tri, L_0x193b130, L_0x7f3e257470f0;
v0x1935530_0 .net8 "hlt", 0 0, RS_0x7f3e25791e78;  2 drivers
v0x19356e0_0 .net "inregoa", 0 0, L_0x193b5a0;  1 drivers
v0x19357d0_0 .net "inregwa", 0 0, L_0x193b6d0;  1 drivers
v0x19358c0_0 .net "instin", 8 0, L_0x193ae10;  1 drivers
v0x1935960_0 .net "marwa", 0 0, L_0x193b220;  1 drivers
v0x1935a50_0 .net "outregwa", 0 0, L_0x193bc10;  1 drivers
v0x1935b40_0 .net "pcinc", 0 0, L_0x193bd20;  1 drivers
v0x1935c30_0 .net "pcjmp", 0 0, L_0x193bf70;  1 drivers
v0x1935d20_0 .net "pcoe", 0 0, L_0x193bdc0;  1 drivers
v0x1935e10_0 .var "ramcs", 0 0;
v0x1935eb0_0 .net "ramoa", 0 0, L_0x193b440;  1 drivers
v0x1935fa0_0 .net "ramwa", 0 0, L_0x193b310;  1 drivers
v0x1936090_0 .net "sub", 0 0, L_0x193ba70;  1 drivers
v0x1936180_0 .net "sumout", 0 0, L_0x193b9d0;  1 drivers
v0x1936270_0 .net "zf", 0 0, v0x192e790_0;  1 drivers
L_0x1936450 .part/pv L_0x19363b0, 0, 4, 8;
L_0x1936540 .part RS_0x7f3e257900a8, 0, 4;
L_0x1939fd0 .part RS_0x7f3e257900a8, 0, 4;
L_0x193a8b0 .part/pv L_0x193a760, 0, 4, 8;
L_0x193ae10 .concat8 [ 1 1 3 4], L_0x193aff0, L_0x193ad20, L_0x193acb0, L_0x193abc0;
L_0x193c350 .part v0x1932770_0, 0, 1;
S_0x1909000 .scope module, "a" "gpr" 3 26, 4 9 0, S_0x1905b70;
 .timescale -8 -9;
    .port_info 0 /OUTPUT 8 "data_out";
    .port_info 1 /INPUT 8 "data_in";
    .port_info 2 /INPUT 1 "clk";
    .port_info 3 /INPUT 1 "clr";
    .port_info 4 /INPUT 1 "wa";
    .port_info 5 /INPUT 1 "oa";
o0x7f3e25790018 .functor BUFZ 8, C4<zzzzzzzz>; HiZ drive
; Elide local net with no drivers, v0x1909360_0 name=_ivl_0
v0x1907290_0 .net "clk", 0 0, v0x19350b0_0;  1 drivers
v0x18f3460_0 .net "clr", 0 0, v0x1935260_0;  1 drivers
v0x18f2430_0 .net8 "data_in", 7 0, RS_0x7f3e257900a8;  alias, 6 drivers
v0x18f0ad0_0 .net8 "data_out", 7 0, RS_0x7f3e257900a8;  alias, 6 drivers
v0x18f0570_0 .net "oa", 0 0, L_0x193b850;  alias, 1 drivers
v0x1926e70_0 .var "store", 7 0;
v0x1926f50_0 .net "wa", 0 0, L_0x193b7b0;  alias, 1 drivers
E_0x191af20 .event posedge, v0x1907290_0;
L_0x19365e0 .functor MUXZ 8, o0x7f3e25790018, v0x1926e70_0, L_0x193b850, C4<>;
S_0x19270d0 .scope module, "alunit" "alu" 3 33, 5 12 0, S_0x1905b70;
 .timescale -8 -9;
    .port_info 0 /OUTPUT 8 "out";
    .port_info 1 /OUTPUT 1 "carryflg";
    .port_info 2 /OUTPUT 1 "zeroflg";
    .port_info 3 /INPUT 8 "a";
    .port_info 4 /INPUT 8 "b";
    .port_info 5 /INPUT 1 "clk";
    .port_info 6 /INPUT 1 "sumout";
    .port_info 7 /INPUT 1 "sub";
    .port_info 8 /INPUT 1 "flagsin";
L_0x1939b60 .functor NOT 8, v0x192f0b0_0, C4<00000000>, C4<00000000>, C4<00000000>;
v0x192db10_0 .net *"_ivl_0", 7 0, L_0x1939b60;  1 drivers
o0x7f3e25791938 .functor BUFZ 8, C4<zzzzzzzz>; HiZ drive
; Elide local net with no drivers, v0x192dc10_0 name=_ivl_10
L_0x7f3e25747018 .functor BUFT 1, C4<1>, C4<0>, C4<0>, C4<0>;
v0x192dcf0_0 .net/2u *"_ivl_4", 0 0, L_0x7f3e25747018;  1 drivers
L_0x7f3e25747060 .functor BUFT 1, C4<0>, C4<0>, C4<0>, C4<0>;
v0x192ddb0_0 .net/2u *"_ivl_6", 0 0, L_0x7f3e25747060;  1 drivers
v0x192de90_0 .net "a", 7 0, v0x1926e70_0;  1 drivers
v0x192dff0_0 .net "b", 7 0, v0x192f0b0_0;  1 drivers
v0x192e0d0_0 .var "carryflg", 0 0;
v0x192e190_0 .net "cf1", 0 0, L_0x19393a0;  1 drivers
v0x192e230_0 .net "cin", 0 0, L_0x1939d90;  1 drivers
v0x192e2d0_0 .net "clk", 0 0, v0x19350b0_0;  alias, 1 drivers
v0x192e370_0 .net "flagsin", 0 0, L_0x193c010;  alias, 1 drivers
v0x192e410_0 .net8 "out", 7 0, RS_0x7f3e257900a8;  alias, 6 drivers
v0x192e4d0_0 .net "sub", 0 0, L_0x193ba70;  alias, 1 drivers
v0x192e590_0 .net "sum", 7 0, L_0x1939930;  1 drivers
v0x192e650_0 .net "suminb", 7 0, L_0x1939bd0;  1 drivers
v0x192e6f0_0 .net "sumout", 0 0, L_0x193b9d0;  alias, 1 drivers
v0x192e790_0 .var "zeroflg", 0 0;
L_0x1939bd0 .functor MUXZ 8, v0x192f0b0_0, L_0x1939b60, L_0x193ba70, C4<>;
L_0x1939d90 .functor MUXZ 1, L_0x7f3e25747060, L_0x7f3e25747018, L_0x193ba70, C4<>;
L_0x1939ec0 .functor MUXZ 8, o0x7f3e25791938, L_0x1939930, L_0x193b9d0, C4<>;
S_0x1927400 .scope module, "addr" "adder8b" 5 21, 6 48 0, S_0x19270d0;
 .timescale -8 -9;
    .port_info 0 /OUTPUT 8 "sum";
    .port_info 1 /OUTPUT 1 "cout";
    .port_info 2 /INPUT 8 "a";
    .port_info 3 /INPUT 8 "b";
    .port_info 4 /INPUT 1 "cin";
v0x192d590_0 .net "a", 7 0, v0x1926e70_0;  alias, 1 drivers
v0x192d670_0 .net "b", 7 0, L_0x1939bd0;  alias, 1 drivers
v0x192d730_0 .net "c0", 0 0, L_0x1937890;  1 drivers
v0x192d7d0_0 .net "cin", 0 0, L_0x1939d90;  alias, 1 drivers
v0x192d870_0 .net "cout", 0 0, L_0x19393a0;  alias, 1 drivers
v0x192d9b0_0 .net "sum", 7 0, L_0x1939930;  alias, 1 drivers
L_0x1937de0 .part v0x1926e70_0, 0, 4;
L_0x1937f10 .part L_0x1939bd0, 0, 4;
L_0x1939930 .concat8 [ 4 4 0 0], L_0x1937950, L_0x19394a0;
L_0x1939a20 .part v0x1926e70_0, 4, 4;
L_0x1939ac0 .part L_0x1939bd0, 4, 4;
S_0x1927660 .scope module, "ad0" "adder4b" 6 55, 6 28 0, S_0x1927400;
 .timescale -8 -9;
    .port_info 0 /OUTPUT 4 "sum";
    .port_info 1 /OUTPUT 1 "cout";
    .port_info 2 /INPUT 4 "a";
    .port_info 3 /INPUT 4 "b";
    .port_info 4 /INPUT 1 "cin";
v0x1929e50_0 .net "a", 3 0, L_0x1937de0;  1 drivers
v0x1929f50_0 .net "b", 3 0, L_0x1937f10;  1 drivers
v0x192a030_0 .net "c0", 0 0, L_0x190ce50;  1 drivers
v0x192a120_0 .net "c1", 0 0, L_0x1936ca0;  1 drivers
v0x192a210_0 .net "c2", 0 0, L_0x19372e0;  1 drivers
v0x192a350_0 .net "cin", 0 0, L_0x1939d90;  alias, 1 drivers
v0x192a3f0_0 .net "cout", 0 0, L_0x1937890;  alias, 1 drivers
v0x192a490_0 .net "sum", 3 0, L_0x1937950;  1 drivers
L_0x1936930 .part L_0x1937de0, 0, 1;
L_0x19369d0 .part L_0x1937f10, 0, 1;
L_0x1936d60 .part L_0x1937de0, 1, 1;
L_0x1936e50 .part L_0x1937f10, 1, 1;
L_0x19373a0 .part L_0x1937de0, 2, 1;
L_0x1937440 .part L_0x1937f10, 2, 1;
L_0x1937950 .concat8 [ 1 1 1 1], L_0x190dc20, L_0x1936b40, L_0x19370f0, L_0x19376a0;
L_0x1937b30 .part L_0x1937de0, 3, 1;
L_0x1937cb0 .part L_0x1937f10, 3, 1;
S_0x19278e0 .scope module, "ad0" "adder1b" 6 35, 6 7 0, S_0x1927660;
 .timescale -8 -9;
    .port_info 0 /OUTPUT 1 "sum";
    .port_info 1 /OUTPUT 1 "cout";
    .port_info 2 /INPUT 1 "a";
    .port_info 3 /INPUT 1 "b";
    .port_info 4 /INPUT 1 "cin";
L_0x190bb20 .functor XOR 1, L_0x1936930, L_0x19369d0, C4<0>, C4<0>;
L_0x18f15c0 .functor AND 1, L_0x1936930, L_0x19369d0, C4<1>, C4<1>;
L_0x190dc20 .functor XOR 1, L_0x190bb20, L_0x1939d90, C4<0>, C4<0>;
L_0x1908840 .functor AND 1, L_0x190bb20, L_0x1939d90, C4<1>, C4<1>;
L_0x190ce50 .functor OR 1, L_0x18f15c0, L_0x1908840, C4<0>, C4<0>;
v0x1927b60_0 .net "a", 0 0, L_0x1936930;  1 drivers
v0x1927c40_0 .net "b", 0 0, L_0x19369d0;  1 drivers
v0x1927d00_0 .net "c", 0 0, L_0x190bb20;  1 drivers
v0x1927da0_0 .net "cin", 0 0, L_0x1939d90;  alias, 1 drivers
v0x1927e60_0 .net "cout", 0 0, L_0x190ce50;  alias, 1 drivers
v0x1927f70_0 .net "d", 0 0, L_0x18f15c0;  1 drivers
v0x1928030_0 .net "e", 0 0, L_0x1908840;  1 drivers
v0x19280f0_0 .net "sum", 0 0, L_0x190dc20;  1 drivers
S_0x1928250 .scope module, "ad1" "adder1b" 6 36, 6 7 0, S_0x1927660;
 .timescale -8 -9;
    .port_info 0 /OUTPUT 1 "sum";
    .port_info 1 /OUTPUT 1 "cout";
    .port_info 2 /INPUT 1 "a";
    .port_info 3 /INPUT 1 "b";
    .port_info 4 /INPUT 1 "cin";
L_0x18f3ee0 .functor XOR 1, L_0x1936d60, L_0x1936e50, C4<0>, C4<0>;
L_0x1907c20 .functor AND 1, L_0x1936d60, L_0x1936e50, C4<1>, C4<1>;
L_0x1936b40 .functor XOR 1, L_0x18f3ee0, L_0x190ce50, C4<0>, C4<0>;
L_0x1936c00 .functor AND 1, L_0x18f3ee0, L_0x190ce50, C4<1>, C4<1>;
L_0x1936ca0 .functor OR 1, L_0x1907c20, L_0x1936c00, C4<0>, C4<0>;
v0x19284d0_0 .net "a", 0 0, L_0x1936d60;  1 drivers
v0x1928590_0 .net "b", 0 0, L_0x1936e50;  1 drivers
v0x1928650_0 .net "c", 0 0, L_0x18f3ee0;  1 drivers
v0x19286f0_0 .net "cin", 0 0, L_0x190ce50;  alias, 1 drivers
v0x1928790_0 .net "cout", 0 0, L_0x1936ca0;  alias, 1 drivers
v0x1928880_0 .net "d", 0 0, L_0x1907c20;  1 drivers
v0x1928940_0 .net "e", 0 0, L_0x1936c00;  1 drivers
v0x1928a00_0 .net "sum", 0 0, L_0x1936b40;  1 drivers
S_0x1928b60 .scope module, "ad2" "adder1b" 6 37, 6 7 0, S_0x1927660;
 .timescale -8 -9;
    .port_info 0 /OUTPUT 1 "sum";
    .port_info 1 /OUTPUT 1 "cout";
    .port_info 2 /INPUT 1 "a";
    .port_info 3 /INPUT 1 "b";
    .port_info 4 /INPUT 1 "cin";
L_0x1936f70 .functor XOR 1, L_0x19373a0, L_0x1937440, C4<0>, C4<0>;
L_0x1936fe0 .functor AND 1, L_0x19373a0, L_0x1937440, C4<1>, C4<1>;
L_0x19370f0 .functor XOR 1, L_0x1936f70, L_0x1936ca0, C4<0>, C4<0>;
L_0x1937240 .functor AND 1, L_0x1936f70, L_0x1936ca0, C4<1>, C4<1>;
L_0x19372e0 .functor OR 1, L_0x1936fe0, L_0x1937240, C4<0>, C4<0>;
v0x1928df0_0 .net "a", 0 0, L_0x19373a0;  1 drivers
v0x1928eb0_0 .net "b", 0 0, L_0x1937440;  1 drivers
v0x1928f70_0 .net "c", 0 0, L_0x1936f70;  1 drivers
v0x1929040_0 .net "cin", 0 0, L_0x1936ca0;  alias, 1 drivers
v0x1929110_0 .net "cout", 0 0, L_0x19372e0;  alias, 1 drivers
v0x1929200_0 .net "d", 0 0, L_0x1936fe0;  1 drivers
v0x19292c0_0 .net "e", 0 0, L_0x1937240;  1 drivers
v0x1929380_0 .net "sum", 0 0, L_0x19370f0;  1 drivers
S_0x19294e0 .scope module, "ad3" "adder1b" 6 38, 6 7 0, S_0x1927660;
 .timescale -8 -9;
    .port_info 0 /OUTPUT 1 "sum";
    .port_info 1 /OUTPUT 1 "cout";
    .port_info 2 /INPUT 1 "a";
    .port_info 3 /INPUT 1 "b";
    .port_info 4 /INPUT 1 "cin";
L_0x1937520 .functor XOR 1, L_0x1937b30, L_0x1937cb0, C4<0>, C4<0>;
L_0x1937590 .functor AND 1, L_0x1937b30, L_0x1937cb0, C4<1>, C4<1>;
L_0x19376a0 .functor XOR 1, L_0x1937520, L_0x19372e0, C4<0>, C4<0>;
L_0x19377f0 .functor AND 1, L_0x1937520, L_0x19372e0, C4<1>, C4<1>;
L_0x1937890 .functor OR 1, L_0x1937590, L_0x19377f0, C4<0>, C4<0>;
v0x1929740_0 .net "a", 0 0, L_0x1937b30;  1 drivers
v0x1929820_0 .net "b", 0 0, L_0x1937cb0;  1 drivers
v0x19298e0_0 .net "c", 0 0, L_0x1937520;  1 drivers
v0x19299b0_0 .net "cin", 0 0, L_0x19372e0;  alias, 1 drivers
v0x1929a80_0 .net "cout", 0 0, L_0x1937890;  alias, 1 drivers
v0x1929b70_0 .net "d", 0 0, L_0x1937590;  1 drivers
v0x1929c30_0 .net "e", 0 0, L_0x19377f0;  1 drivers
v0x1929cf0_0 .net "sum", 0 0, L_0x19376a0;  1 drivers
S_0x192a5b0 .scope module, "ad1" "adder4b" 6 56, 6 28 0, S_0x1927400;
 .timescale -8 -9;
    .port_info 0 /OUTPUT 4 "sum";
    .port_info 1 /OUTPUT 1 "cout";
    .port_info 2 /INPUT 4 "a";
    .port_info 3 /INPUT 4 "b";
    .port_info 4 /INPUT 1 "cin";
v0x192ce10_0 .net "a", 3 0, L_0x1939a20;  1 drivers
v0x192cf10_0 .net "b", 3 0, L_0x1939ac0;  1 drivers
v0x192cff0_0 .net "c0", 0 0, L_0x19381f0;  1 drivers
v0x192d0e0_0 .net "c1", 0 0, L_0x19387b0;  1 drivers
v0x192d1d0_0 .net "c2", 0 0, L_0x1938df0;  1 drivers
v0x192d310_0 .net "cin", 0 0, L_0x1937890;  alias, 1 drivers
v0x192d3b0_0 .net "cout", 0 0, L_0x19393a0;  alias, 1 drivers
v0x192d450_0 .net "sum", 3 0, L_0x19394a0;  1 drivers
L_0x1938300 .part L_0x1939a20, 0, 1;
L_0x19383a0 .part L_0x1939ac0, 0, 1;
L_0x1938870 .part L_0x1939a20, 1, 1;
L_0x1938960 .part L_0x1939ac0, 1, 1;
L_0x1938eb0 .part L_0x1939a20, 2, 1;
L_0x1938f50 .part L_0x1939ac0, 2, 1;
L_0x19394a0 .concat8 [ 1 1 1 1], L_0x1938090, L_0x19385c0, L_0x1938c00, L_0x19391b0;
L_0x1939680 .part L_0x1939a20, 3, 1;
L_0x1939800 .part L_0x1939ac0, 3, 1;
S_0x192a830 .scope module, "ad0" "adder1b" 6 35, 6 7 0, S_0x192a5b0;
 .timescale -8 -9;
    .port_info 0 /OUTPUT 1 "sum";
    .port_info 1 /OUTPUT 1 "cout";
    .port_info 2 /INPUT 1 "a";
    .port_info 3 /INPUT 1 "b";
    .port_info 4 /INPUT 1 "cin";
L_0x1937fb0 .functor XOR 1, L_0x1938300, L_0x19383a0, C4<0>, C4<0>;
L_0x1938020 .functor AND 1, L_0x1938300, L_0x19383a0, C4<1>, C4<1>;
L_0x1938090 .functor XOR 1, L_0x1937fb0, L_0x1937890, C4<0>, C4<0>;
L_0x1938150 .functor AND 1, L_0x1937fb0, L_0x1937890, C4<1>, C4<1>;
L_0x19381f0 .functor OR 1, L_0x1938020, L_0x1938150, C4<0>, C4<0>;
v0x192aa90_0 .net "a", 0 0, L_0x1938300;  1 drivers
v0x192ab70_0 .net "b", 0 0, L_0x19383a0;  1 drivers
v0x192ac30_0 .net "c", 0 0, L_0x1937fb0;  1 drivers
v0x192ad00_0 .net "cin", 0 0, L_0x1937890;  alias, 1 drivers
v0x192adf0_0 .net "cout", 0 0, L_0x19381f0;  alias, 1 drivers
v0x192af00_0 .net "d", 0 0, L_0x1938020;  1 drivers
v0x192afc0_0 .net "e", 0 0, L_0x1938150;  1 drivers
v0x192b080_0 .net "sum", 0 0, L_0x1938090;  1 drivers
S_0x192b1e0 .scope module, "ad1" "adder1b" 6 36, 6 7 0, S_0x192a5b0;
 .timescale -8 -9;
    .port_info 0 /OUTPUT 1 "sum";
    .port_info 1 /OUTPUT 1 "cout";
    .port_info 2 /INPUT 1 "a";
    .port_info 3 /INPUT 1 "b";
    .port_info 4 /INPUT 1 "cin";
L_0x1938440 .functor XOR 1, L_0x1938870, L_0x1938960, C4<0>, C4<0>;
L_0x19384b0 .functor AND 1, L_0x1938870, L_0x1938960, C4<1>, C4<1>;
L_0x19385c0 .functor XOR 1, L_0x1938440, L_0x19381f0, C4<0>, C4<0>;
L_0x1938710 .functor AND 1, L_0x1938440, L_0x19381f0, C4<1>, C4<1>;
L_0x19387b0 .functor OR 1, L_0x19384b0, L_0x1938710, C4<0>, C4<0>;
v0x192b460_0 .net "a", 0 0, L_0x1938870;  1 drivers
v0x192b520_0 .net "b", 0 0, L_0x1938960;  1 drivers
v0x192b5e0_0 .net "c", 0 0, L_0x1938440;  1 drivers
v0x192b680_0 .net "cin", 0 0, L_0x19381f0;  alias, 1 drivers
v0x192b750_0 .net "cout", 0 0, L_0x19387b0;  alias, 1 drivers
v0x192b840_0 .net "d", 0 0, L_0x19384b0;  1 drivers
v0x192b900_0 .net "e", 0 0, L_0x1938710;  1 drivers
v0x192b9c0_0 .net "sum", 0 0, L_0x19385c0;  1 drivers
S_0x192bb20 .scope module, "ad2" "adder1b" 6 37, 6 7 0, S_0x192a5b0;
 .timescale -8 -9;
    .port_info 0 /OUTPUT 1 "sum";
    .port_info 1 /OUTPUT 1 "cout";
    .port_info 2 /INPUT 1 "a";
    .port_info 3 /INPUT 1 "b";
    .port_info 4 /INPUT 1 "cin";
L_0x1938a80 .functor XOR 1, L_0x1938eb0, L_0x1938f50, C4<0>, C4<0>;
L_0x1938af0 .functor AND 1, L_0x1938eb0, L_0x1938f50, C4<1>, C4<1>;
L_0x1938c00 .functor XOR 1, L_0x1938a80, L_0x19387b0, C4<0>, C4<0>;
L_0x1938d50 .functor AND 1, L_0x1938a80, L_0x19387b0, C4<1>, C4<1>;
L_0x1938df0 .functor OR 1, L_0x1938af0, L_0x1938d50, C4<0>, C4<0>;
v0x192bdb0_0 .net "a", 0 0, L_0x1938eb0;  1 drivers
v0x192be70_0 .net "b", 0 0, L_0x1938f50;  1 drivers
v0x192bf30_0 .net "c", 0 0, L_0x1938a80;  1 drivers
v0x192c000_0 .net "cin", 0 0, L_0x19387b0;  alias, 1 drivers
v0x192c0d0_0 .net "cout", 0 0, L_0x1938df0;  alias, 1 drivers
v0x192c1c0_0 .net "d", 0 0, L_0x1938af0;  1 drivers
v0x192c280_0 .net "e", 0 0, L_0x1938d50;  1 drivers
v0x192c340_0 .net "sum", 0 0, L_0x1938c00;  1 drivers
S_0x192c4a0 .scope module, "ad3" "adder1b" 6 38, 6 7 0, S_0x192a5b0;
 .timescale -8 -9;
    .port_info 0 /OUTPUT 1 "sum";
    .port_info 1 /OUTPUT 1 "cout";
    .port_info 2 /INPUT 1 "a";
    .port_info 3 /INPUT 1 "b";
    .port_info 4 /INPUT 1 "cin";
L_0x1939030 .functor XOR 1, L_0x1939680, L_0x1939800, C4<0>, C4<0>;
L_0x19390a0 .functor AND 1, L_0x1939680, L_0x1939800, C4<1>, C4<1>;
L_0x19391b0 .functor XOR 1, L_0x1939030, L_0x1938df0, C4<0>, C4<0>;
L_0x1939300 .functor AND 1, L_0x1939030, L_0x1938df0, C4<1>, C4<1>;
L_0x19393a0 .functor OR 1, L_0x19390a0, L_0x1939300, C4<0>, C4<0>;
v0x192c700_0 .net "a", 0 0, L_0x1939680;  1 drivers
v0x192c7e0_0 .net "b", 0 0, L_0x1939800;  1 drivers
v0x192c8a0_0 .net "c", 0 0, L_0x1939030;  1 drivers
v0x192c970_0 .net "cin", 0 0, L_0x1938df0;  alias, 1 drivers
v0x192ca40_0 .net "cout", 0 0, L_0x19393a0;  alias, 1 drivers
v0x192cb30_0 .net "d", 0 0, L_0x19390a0;  1 drivers
v0x192cbf0_0 .net "e", 0 0, L_0x1939300;  1 drivers
v0x192ccb0_0 .net "sum", 0 0, L_0x19391b0;  1 drivers
S_0x192e9c0 .scope module, "b" "gpr" 3 29, 4 9 0, S_0x1905b70;
 .timescale -8 -9;
    .port_info 0 /OUTPUT 8 "data_out";
    .port_info 1 /INPUT 8 "data_in";
    .port_info 2 /INPUT 1 "clk";
    .port_info 3 /INPUT 1 "clr";
    .port_info 4 /INPUT 1 "wa";
    .port_info 5 /INPUT 1 "oa";
o0x7f3e25791c98 .functor BUFZ 8, C4<zzzzzzzz>; HiZ drive
; Elide local net with no drivers, v0x192ebf0_0 name=_ivl_0
v0x192ecd0_0 .net "clk", 0 0, v0x19350b0_0;  alias, 1 drivers
v0x192ede0_0 .net "clr", 0 0, v0x1935260_0;  alias, 1 drivers
v0x192ee80_0 .net8 "data_in", 7 0, RS_0x7f3e257900a8;  alias, 6 drivers
v0x192ef20_0 .net8 "data_out", 7 0, RS_0x7f3e257900a8;  alias, 6 drivers
v0x192f010_0 .net "oa", 0 0, v0x1934ed0_0;  1 drivers
v0x192f0b0_0 .var "store", 7 0;
v0x192f170_0 .net "wa", 0 0, L_0x193bb70;  alias, 1 drivers
L_0x1936680 .functor MUXZ 8, o0x7f3e25791c98, v0x192f0b0_0, v0x1934ed0_0, C4<>;
S_0x192f2d0 .scope module, "ctrlunit" "controlunit" 3 54, 7 9 0, S_0x1905b70;
 .timescale -8 -9;
    .port_info 0 /INPUT 9 "instin";
    .port_info 1 /OUTPUT 1 "hlt";
    .port_info 2 /OUTPUT 1 "marwa";
    .port_info 3 /OUTPUT 1 "ramwa";
    .port_info 4 /OUTPUT 1 "ramoa";
    .port_info 5 /OUTPUT 1 "inregoa";
    .port_info 6 /OUTPUT 1 "inregwa";
    .port_info 7 /OUTPUT 1 "awa";
    .port_info 8 /OUTPUT 1 "aoa";
    .port_info 9 /OUTPUT 1 "sumout";
    .port_info 10 /OUTPUT 1 "sub";
    .port_info 11 /OUTPUT 1 "bwa";
    .port_info 12 /OUTPUT 1 "outregwa";
    .port_info 13 /OUTPUT 1 "pcinc";
    .port_info 14 /OUTPUT 1 "pcoe";
    .port_info 15 /OUTPUT 1 "pcjmp";
    .port_info 16 /OUTPUT 1 "flagsin";
v0x192f6d0_0 .net "aoa", 0 0, L_0x193b850;  alias, 1 drivers
v0x192f790_0 .net "awa", 0 0, L_0x193b7b0;  alias, 1 drivers
v0x192f860_0 .net "bwa", 0 0, L_0x193bb70;  alias, 1 drivers
v0x192f960_0 .var "controlword", 15 0;
v0x192fa00_0 .net "flagsin", 0 0, L_0x193c010;  alias, 1 drivers
v0x192faf0_0 .net8 "hlt", 0 0, RS_0x7f3e25791e78;  alias, 2 drivers
v0x192fb90_0 .net "inregoa", 0 0, L_0x193b5a0;  alias, 1 drivers
v0x192fc30_0 .net "inregwa", 0 0, L_0x193b6d0;  alias, 1 drivers
v0x192fcd0_0 .net "instin", 8 0, L_0x193ae10;  alias, 1 drivers
v0x192fe40_0 .net "marwa", 0 0, L_0x193b220;  alias, 1 drivers
v0x192ff00_0 .net "outregwa", 0 0, L_0x193bc10;  alias, 1 drivers
v0x192ffc0_0 .net "pcinc", 0 0, L_0x193bd20;  alias, 1 drivers
v0x1930080_0 .net "pcjmp", 0 0, L_0x193bf70;  alias, 1 drivers
v0x1930140_0 .net "pcoe", 0 0, L_0x193bdc0;  alias, 1 drivers
v0x1930200_0 .net "ramoa", 0 0, L_0x193b440;  alias, 1 drivers
v0x19302c0_0 .net "ramwa", 0 0, L_0x193b310;  alias, 1 drivers
v0x1930380_0 .net "sub", 0 0, L_0x193ba70;  alias, 1 drivers
v0x1930560_0 .net "sumout", 0 0, L_0x193b9d0;  alias, 1 drivers
E_0x191b0d0 .event edge, v0x192fcd0_0;
L_0x193b130 .part v0x192f960_0, 15, 1;
L_0x193b220 .part v0x192f960_0, 14, 1;
L_0x193b310 .part v0x192f960_0, 13, 1;
L_0x193b440 .part v0x192f960_0, 12, 1;
L_0x193b5a0 .part v0x192f960_0, 11, 1;
L_0x193b6d0 .part v0x192f960_0, 10, 1;
L_0x193b7b0 .part v0x192f960_0, 9, 1;
L_0x193b850 .part v0x192f960_0, 8, 1;
L_0x193b9d0 .part v0x192f960_0, 7, 1;
L_0x193ba70 .part v0x192f960_0, 6, 1;
L_0x193bb70 .part v0x192f960_0, 5, 1;
L_0x193bc10 .part v0x192f960_0, 4, 1;
L_0x193bd20 .part v0x192f960_0, 3, 1;
L_0x193bdc0 .part v0x192f960_0, 2, 1;
L_0x193bf70 .part v0x192f960_0, 1, 1;
L_0x193c010 .part v0x192f960_0, 0, 1;
S_0x1930810 .scope module, "cucounter" "counter3b" 3 48, 7 105 0, S_0x1905b70;
 .timescale -8 -9;
    .port_info 0 /OUTPUT 3 "out";
    .port_info 1 /INPUT 1 "clk";
    .port_info 2 /INPUT 1 "clr";
v0x1930b00_0 .net "clk", 0 0, L_0x193ab50;  1 drivers
v0x1930be0_0 .net "clr", 0 0, v0x1935260_0;  alias, 1 drivers
v0x1930cf0_0 .net "out", 2 0, v0x1930d90_0;  alias, 1 drivers
v0x1930d90_0 .var "store", 2 0;
E_0x191b590 .event edge, v0x1930d90_0;
E_0x1930aa0 .event posedge, v0x1930b00_0;
S_0x1930ef0 .scope module, "instructionreg" "instreg" 3 42, 8 9 0, S_0x1905b70;
 .timescale -8 -9;
    .port_info 0 /INPUT 8 "busin";
    .port_info 1 /INPUT 1 "clk";
    .port_info 2 /INPUT 1 "clr";
    .port_info 3 /INPUT 1 "wa";
    .port_info 4 /INPUT 1 "oa";
    .port_info 5 /OUTPUT 4 "addrout";
v0x19311b0_0 .net *"_ivl_1", 3 0, L_0x193a6c0;  1 drivers
o0x7f3e25792508 .functor BUFZ 4, C4<zzzz>; HiZ drive
; Elide local net with no drivers, v0x1931290_0 name=_ivl_2
v0x1931370_0 .net "addrout", 3 0, L_0x193a760;  1 drivers
v0x1931430_0 .net8 "busin", 7 0, RS_0x7f3e257900a8;  alias, 6 drivers
v0x19314f0_0 .net "clk", 0 0, v0x19350b0_0;  alias, 1 drivers
v0x19315e0_0 .net "clr", 0 0, v0x1935260_0;  alias, 1 drivers
v0x1931680_0 .net "oa", 0 0, L_0x193b5a0;  alias, 1 drivers
v0x1931720_0 .var "store", 7 0;
v0x19317e0_0 .net "wa", 0 0, L_0x193b6d0;  alias, 1 drivers
L_0x193a6c0 .part v0x1931720_0, 0, 4;
L_0x193a760 .functor MUXZ 4, o0x7f3e25792508, L_0x193a6c0, L_0x193b5a0, C4<>;
L_0x193abc0 .part v0x1931720_0, 4, 4;
S_0x1931990 .scope module, "mar" "memaddreg" 3 36, 9 8 0, S_0x1905b70;
 .timescale -8 -9;
    .port_info 0 /INPUT 4 "busin";
    .port_info 1 /INPUT 1 "clk";
    .port_info 2 /INPUT 1 "clr";
    .port_info 3 /INPUT 1 "wa";
    .port_info 4 /OUTPUT 4 "addrout";
v0x1931bd0_0 .net "addrout", 3 0, v0x1932040_0;  alias, 1 drivers
v0x1931cd0_0 .net "busin", 3 0, L_0x1939fd0;  1 drivers
v0x1931db0_0 .net "clk", 0 0, v0x19350b0_0;  alias, 1 drivers
v0x1931f10_0 .net "clr", 0 0, v0x1935260_0;  alias, 1 drivers
v0x1932040_0 .var "store", 3 0;
v0x1932100_0 .net "wa", 0 0, L_0x193b220;  alias, 1 drivers
S_0x1932250 .scope module, "out" "outputreg" 3 45, 10 9 0, S_0x1905b70;
 .timescale -8 -9;
    .port_info 0 /INPUT 8 "busin";
    .port_info 1 /INPUT 1 "clk";
    .port_info 2 /INPUT 1 "clr";
    .port_info 3 /INPUT 1 "wa";
    .port_info 4 /OUTPUT 8 "display";
v0x1932460_0 .net8 "busin", 7 0, RS_0x7f3e257900a8;  alias, 6 drivers
v0x1932540_0 .net "clk", 0 0, v0x19350b0_0;  alias, 1 drivers
v0x1932600_0 .net "clr", 0 0, v0x1935260_0;  alias, 1 drivers
v0x19326d0_0 .net "display", 7 0, v0x1932770_0;  alias, 1 drivers
v0x1932770_0 .var "store", 7 0;
v0x19328a0_0 .net "wa", 0 0, L_0x193bc10;  alias, 1 drivers
S_0x19329f0 .scope module, "pc" "counter" 3 24, 11 12 0, S_0x1905b70;
 .timescale -8 -9;
    .port_info 0 /OUTPUT 4 "out";
    .port_info 1 /INPUT 4 "in";
    .port_info 2 /INPUT 1 "clk";
    .port_info 3 /INPUT 1 "clr";
    .port_info 4 /INPUT 1 "oe";
    .port_info 5 /INPUT 1 "jmp";
    .port_info 6 /INPUT 1 "inc";
o0x7f3e25792988 .functor BUFZ 4, C4<zzzz>; HiZ drive
; Elide local net with no drivers, v0x1932d10_0 name=_ivl_0
v0x1932e10_0 .net "clk", 0 0, v0x19350b0_0;  alias, 1 drivers
v0x1932ed0_0 .net "clr", 0 0, v0x1935260_0;  alias, 1 drivers
v0x1932f70_0 .net "in", 3 0, L_0x1936540;  1 drivers
v0x1933010_0 .net "inc", 0 0, L_0x193bd20;  alias, 1 drivers
v0x19330b0_0 .net "jmp", 0 0, L_0x193bf70;  alias, 1 drivers
v0x1933180_0 .net "oe", 0 0, L_0x193bdc0;  alias, 1 drivers
v0x1933250_0 .net "out", 3 0, L_0x19363b0;  1 drivers
v0x19332f0_0 .var "store", 3 0;
L_0x19363b0 .functor MUXZ 4, o0x7f3e25792988, v0x19332f0_0, L_0x193bdc0, C4<>;
S_0x1933560 .scope module, "rm" "ram" 3 39, 12 9 0, S_0x1905b70;
 .timescale -8 -9;
    .port_info 0 /INOUT 8 "bus";
    .port_info 1 /INPUT 4 "addr";
    .port_info 2 /INPUT 1 "clk";
    .port_info 3 /INPUT 1 "oa";
    .port_info 4 /INPUT 1 "wa";
    .port_info 5 /INPUT 1 "cs";
L_0x193a1b0 .functor AND 1, v0x1935e10_0, L_0x193b440, C4<1>, C4<1>;
o0x7f3e25792b98 .functor BUFZ 8, C4<zzzzzzzz>; HiZ drive
; Elide local net with no drivers, v0x1933790_0 name=_ivl_0
v0x1933890_0 .net *"_ivl_10", 7 0, L_0x193a300;  1 drivers
v0x1933970_0 .net *"_ivl_12", 5 0, L_0x193a3d0;  1 drivers
L_0x7f3e257470a8 .functor BUFT 1, C4<00>, C4<0>, C4<0>, C4<0>;
v0x1933a60_0 .net *"_ivl_15", 1 0, L_0x7f3e257470a8;  1 drivers
o0x7f3e25792c58 .functor BUFZ 8, C4<zzzzzzzz>; HiZ drive
; Elide local net with no drivers, v0x1933b40_0 name=_ivl_16
o0x7f3e25792c88 .functor BUFZ 8, C4<zzzzzzzz>; HiZ drive
; Elide local net with no drivers, v0x1933c70_0 name=_ivl_4
v0x1933d50_0 .net *"_ivl_8", 0 0, L_0x193a1b0;  1 drivers
v0x1933e30_0 .net "addr", 3 0, v0x1932040_0;  alias, 1 drivers
v0x1933ef0_0 .net8 "bus", 7 0, RS_0x7f3e257900a8;  alias, 6 drivers
v0x1934020_0 .net "clk", 0 0, v0x19350b0_0;  alias, 1 drivers
v0x19340c0_0 .net "cs", 0 0, v0x1935e10_0;  1 drivers
v0x1934180_0 .net "data_in", 7 0, L_0x193a110;  1 drivers
v0x1934260_0 .net "data_out", 7 0, L_0x193a530;  1 drivers
v0x1934340 .array "mem", 0 15, 7 0;
v0x1934400_0 .net "oa", 0 0, L_0x193b440;  alias, 1 drivers
v0x19344d0_0 .net "wa", 0 0, L_0x193b310;  alias, 1 drivers
L_0x193a070 .functor MUXZ 8, o0x7f3e25792b98, L_0x193a530, L_0x193b440, C4<>;
L_0x193a110 .functor MUXZ 8, o0x7f3e25792c88, RS_0x7f3e257900a8, L_0x193b310, C4<>;
L_0x193a300 .array/port v0x1934340, L_0x193a3d0;
L_0x193a3d0 .concat [ 4 2 0 0], v0x1932040_0, L_0x7f3e257470a8;
L_0x193a530 .functor MUXZ 8, o0x7f3e25792c58, L_0x193a300, L_0x193a1b0, C4<>;
    .scope S_0x19329f0;
T_0 ;
    %wait E_0x191af20;
    %load/vec4 v0x1932ed0_0;
    %flag_set/vec4 8;
    %jmp/0xz  T_0.0, 8;
    %pushi/vec4 0, 0, 4;
    %assign/vec4 v0x19332f0_0, 0;
    %jmp T_0.1;
T_0.0 ;
    %load/vec4 v0x19330b0_0;
    %flag_set/vec4 8;
    %jmp/0xz  T_0.2, 8;
    %load/vec4 v0x1932f70_0;
    %assign/vec4 v0x19332f0_0, 0;
    %jmp T_0.3;
T_0.2 ;
    %load/vec4 v0x1933010_0;
    %flag_set/vec4 8;
    %jmp/0xz  T_0.4, 8;
    %load/vec4 v0x19332f0_0;
    %addi 1, 0, 4;
    %assign/vec4 v0x19332f0_0, 0;
T_0.4 ;
T_0.3 ;
T_0.1 ;
    %jmp T_0;
    .thread T_0;
    .scope S_0x1909000;
T_1 ;
    %wait E_0x191af20;
    %load/vec4 v0x18f3460_0;
    %cmpi/e 1, 0, 1;
    %jmp/0xz  T_1.0, 4;
    %pushi/vec4 0, 0, 8;
    %assign/vec4 v0x1926e70_0, 0;
    %jmp T_1.1;
T_1.0 ;
    %load/vec4 v0x1926f50_0;
    %cmpi/e 1, 0, 1;
    %jmp/0xz  T_1.2, 4;
    %load/vec4 v0x18f2430_0;
    %assign/vec4 v0x1926e70_0, 0;
T_1.2 ;
T_1.1 ;
    %jmp T_1;
    .thread T_1;
    .scope S_0x192e9c0;
T_2 ;
    %wait E_0x191af20;
    %load/vec4 v0x192ede0_0;
    %cmpi/e 1, 0, 1;
    %jmp/0xz  T_2.0, 4;
    %pushi/vec4 0, 0, 8;
    %assign/vec4 v0x192f0b0_0, 0;
    %jmp T_2.1;
T_2.0 ;
    %load/vec4 v0x192f170_0;
    %cmpi/e 1, 0, 1;
    %jmp/0xz  T_2.2, 4;
    %load/vec4 v0x192ee80_0;
    %assign/vec4 v0x192f0b0_0, 0;
T_2.2 ;
T_2.1 ;
    %jmp T_2;
    .thread T_2;
    .scope S_0x19270d0;
T_3 ;
    %wait E_0x191af20;
    %load/vec4 v0x192e370_0;
    %flag_set/vec4 8;
    %jmp/0xz  T_3.0, 8;
    %load/vec4 v0x192e190_0;
    %assign/vec4 v0x192e0d0_0, 0;
    %load/vec4 v0x192e590_0;
    %cmpi/e 0, 0, 8;
    %flag_mov 8, 4;
    %jmp/0 T_3.2, 8;
    %pushi/vec4 1, 0, 1;
    %jmp/1 T_3.3, 8;
T_3.2 ; End of true expr.
    %pushi/vec4 0, 0, 1;
    %jmp/0 T_3.3, 8;
 ; End of false expr.
    %blend;
T_3.3;
    %assign/vec4 v0x192e790_0, 0;
T_3.0 ;
    %jmp T_3;
    .thread T_3;
    .scope S_0x1931990;
T_4 ;
    %wait E_0x191af20;
    %load/vec4 v0x1931f10_0;
    %flag_set/vec4 8;
    %jmp/0xz  T_4.0, 8;
    %pushi/vec4 0, 0, 4;
    %store/vec4 v0x1932040_0, 0, 4;
    %jmp T_4.1;
T_4.0 ;
    %load/vec4 v0x1932100_0;
    %flag_set/vec4 8;
    %jmp/0xz  T_4.2, 8;
    %load/vec4 v0x1931cd0_0;
    %store/vec4 v0x1932040_0, 0, 4;
T_4.2 ;
T_4.1 ;
    %jmp T_4;
    .thread T_4;
    .scope S_0x1933560;
T_5 ;
    %wait E_0x191af20;
    %load/vec4 v0x19340c0_0;
    %load/vec4 v0x19344d0_0;
    %and;
    %load/vec4 v0x1934400_0;
    %inv;
    %and;
    %flag_set/vec4 8;
    %jmp/0xz  T_5.0, 8;
    %load/vec4 v0x1934180_0;
    %load/vec4 v0x1933e30_0;
    %pad/u 6;
    %ix/vec4 4;
    %store/vec4a v0x1934340, 4, 0;
T_5.0 ;
    %jmp T_5;
    .thread T_5;
    .scope S_0x1930ef0;
T_6 ;
    %wait E_0x191af20;
    %load/vec4 v0x19315e0_0;
    %flag_set/vec4 8;
    %jmp/0xz  T_6.0, 8;
    %pushi/vec4 0, 0, 8;
    %store/vec4 v0x1931720_0, 0, 8;
    %jmp T_6.1;
T_6.0 ;
    %load/vec4 v0x19317e0_0;
    %flag_set/vec4 8;
    %jmp/0xz  T_6.2, 8;
    %load/vec4 v0x1931430_0;
    %store/vec4 v0x1931720_0, 0, 8;
T_6.2 ;
T_6.1 ;
    %jmp T_6;
    .thread T_6;
    .scope S_0x1932250;
T_7 ;
    %wait E_0x191af20;
    %load/vec4 v0x1932600_0;
    %flag_set/vec4 8;
    %jmp/0xz  T_7.0, 8;
    %pushi/vec4 0, 0, 8;
    %store/vec4 v0x1932770_0, 0, 8;
    %jmp T_7.1;
T_7.0 ;
    %load/vec4 v0x19328a0_0;
    %flag_set/vec4 8;
    %jmp/0xz  T_7.2, 8;
    %load/vec4 v0x1932460_0;
    %store/vec4 v0x1932770_0, 0, 8;
T_7.2 ;
T_7.1 ;
    %jmp T_7;
    .thread T_7;
    .scope S_0x1930810;
T_8 ;
    %wait E_0x1930aa0;
    %load/vec4 v0x1930be0_0;
    %flag_set/vec4 8;
    %jmp/0xz  T_8.0, 8;
    %pushi/vec4 0, 0, 3;
    %assign/vec4 v0x1930d90_0, 0;
    %jmp T_8.1;
T_8.0 ;
    %load/vec4 v0x1930d90_0;
    %addi 1, 0, 3;
    %assign/vec4 v0x1930d90_0, 0;
T_8.1 ;
    %jmp T_8;
    .thread T_8;
    .scope S_0x1930810;
T_9 ;
    %wait E_0x191b590;
    %load/vec4 v0x1930d90_0;
    %cmpi/e 5, 0, 3;
    %jmp/0xz  T_9.0, 4;
    %pushi/vec4 0, 0, 3;
    %assign/vec4 v0x1930d90_0, 0;
T_9.0 ;
    %jmp T_9;
    .thread T_9, $push;
    .scope S_0x192f2d0;
T_10 ;
    %wait E_0x191b0d0;
    %load/vec4 v0x192fcd0_0;
    %dup/vec4;
    %pushi/vec4 0, 483, 9;
    %cmp/z;
    %jmp/1 T_10.0, 4;
    %dup/vec4;
    %pushi/vec4 4, 483, 9;
    %cmp/z;
    %jmp/1 T_10.1, 4;
    %dup/vec4;
    %pushi/vec4 8, 3, 9;
    %cmp/z;
    %jmp/1 T_10.2, 4;
    %dup/vec4;
    %pushi/vec4 12, 3, 9;
    %cmp/z;
    %jmp/1 T_10.3, 4;
    %dup/vec4;
    %pushi/vec4 16, 3, 9;
    %cmp/z;
    %jmp/1 T_10.4, 4;
    %dup/vec4;
    %pushi/vec4 40, 3, 9;
    %cmp/z;
    %jmp/1 T_10.5, 4;
    %dup/vec4;
    %pushi/vec4 44, 3, 9;
    %cmp/z;
    %jmp/1 T_10.6, 4;
    %dup/vec4;
    %pushi/vec4 48, 3, 9;
    %cmp/z;
    %jmp/1 T_10.7, 4;
    %dup/vec4;
    %pushi/vec4 72, 3, 9;
    %cmp/z;
    %jmp/1 T_10.8, 4;
    %dup/vec4;
    %pushi/vec4 76, 3, 9;
    %cmp/z;
    %jmp/1 T_10.9, 4;
    %dup/vec4;
    %pushi/vec4 80, 3, 9;
    %cmp/z;
    %jmp/1 T_10.10, 4;
    %dup/vec4;
    %pushi/vec4 104, 3, 9;
    %cmp/z;
    %jmp/1 T_10.11, 4;
    %dup/vec4;
    %pushi/vec4 108, 3, 9;
    %cmp/z;
    %jmp/1 T_10.12, 4;
    %dup/vec4;
    %pushi/vec4 112, 3, 9;
    %cmp/z;
    %jmp/1 T_10.13, 4;
    %dup/vec4;
    %pushi/vec4 136, 3, 9;
    %cmp/z;
    %jmp/1 T_10.14, 4;
    %dup/vec4;
    %pushi/vec4 140, 3, 9;
    %cmp/z;
    %jmp/1 T_10.15, 4;
    %dup/vec4;
    %pushi/vec4 144, 3, 9;
    %cmp/z;
    %jmp/1 T_10.16, 4;
    %dup/vec4;
    %pushi/vec4 168, 3, 9;
    %cmp/z;
    %jmp/1 T_10.17, 4;
    %dup/vec4;
    %pushi/vec4 172, 3, 9;
    %cmp/z;
    %jmp/1 T_10.18, 4;
    %dup/vec4;
    %pushi/vec4 176, 3, 9;
    %cmp/z;
    %jmp/1 T_10.19, 4;
    %dup/vec4;
    %pushi/vec4 200, 3, 9;
    %cmp/z;
    %jmp/1 T_10.20, 4;
    %dup/vec4;
    %pushi/vec4 204, 3, 9;
    %cmp/z;
    %jmp/1 T_10.21, 4;
    %dup/vec4;
    %pushi/vec4 208, 3, 9;
    %cmp/z;
    %jmp/1 T_10.22, 4;
    %dup/vec4;
    %pushi/vec4 232, 1, 9;
    %cmp/z;
    %jmp/1 T_10.23, 4;
    %dup/vec4;
    %pushi/vec4 234, 1, 9;
    %cmp/z;
    %jmp/1 T_10.24, 4;
    %dup/vec4;
    %pushi/vec4 236, 3, 9;
    %cmp/z;
    %jmp/1 T_10.25, 4;
    %dup/vec4;
    %pushi/vec4 240, 3, 9;
    %cmp/z;
    %jmp/1 T_10.26, 4;
    %dup/vec4;
    %pushi/vec4 264, 2, 9;
    %cmp/z;
    %jmp/1 T_10.27, 4;
    %dup/vec4;
    %pushi/vec4 265, 2, 9;
    %cmp/z;
    %jmp/1 T_10.28, 4;
    %dup/vec4;
    %pushi/vec4 268, 3, 9;
    %cmp/z;
    %jmp/1 T_10.29, 4;
    %dup/vec4;
    %pushi/vec4 272, 3, 9;
    %cmp/z;
    %jmp/1 T_10.30, 4;
    %dup/vec4;
    %pushi/vec4 456, 3, 9;
    %cmp/z;
    %jmp/1 T_10.31, 4;
    %dup/vec4;
    %pushi/vec4 460, 3, 9;
    %cmp/z;
    %jmp/1 T_10.32, 4;
    %dup/vec4;
    %pushi/vec4 464, 3, 9;
    %cmp/z;
    %jmp/1 T_10.33, 4;
    %dup/vec4;
    %pushi/vec4 480, 31, 9;
    %cmp/z;
    %jmp/1 T_10.34, 4;
    %pushi/vec4 65535, 65535, 16;
    %assign/vec4 v0x192f960_0, 0;
    %jmp T_10.36;
T_10.0 ;
    %pushi/vec4 16388, 0, 16;
    %assign/vec4 v0x192f960_0, 0;
    %jmp T_10.36;
T_10.1 ;
    %pushi/vec4 5128, 0, 16;
    %assign/vec4 v0x192f960_0, 0;
    %jmp T_10.36;
T_10.2 ;
    %pushi/vec4 0, 0, 16;
    %assign/vec4 v0x192f960_0, 0;
    %jmp T_10.36;
T_10.3 ;
    %pushi/vec4 0, 0, 16;
    %assign/vec4 v0x192f960_0, 0;
    %jmp T_10.36;
T_10.4 ;
    %pushi/vec4 0, 0, 16;
    %assign/vec4 v0x192f960_0, 0;
    %jmp T_10.36;
T_10.5 ;
    %pushi/vec4 18432, 0, 16;
    %assign/vec4 v0x192f960_0, 0;
    %jmp T_10.36;
T_10.6 ;
    %pushi/vec4 4608, 0, 16;
    %assign/vec4 v0x192f960_0, 0;
    %jmp T_10.36;
T_10.7 ;
    %pushi/vec4 0, 0, 16;
    %assign/vec4 v0x192f960_0, 0;
    %jmp T_10.36;
T_10.8 ;
    %pushi/vec4 18432, 0, 16;
    %assign/vec4 v0x192f960_0, 0;
    %jmp T_10.36;
T_10.9 ;
    %pushi/vec4 4128, 0, 16;
    %assign/vec4 v0x192f960_0, 0;
    %jmp T_10.36;
T_10.10 ;
    %pushi/vec4 641, 0, 16;
    %assign/vec4 v0x192f960_0, 0;
    %jmp T_10.36;
T_10.11 ;
    %pushi/vec4 18432, 0, 16;
    %assign/vec4 v0x192f960_0, 0;
    %jmp T_10.36;
T_10.12 ;
    %pushi/vec4 4128, 0, 16;
    %assign/vec4 v0x192f960_0, 0;
    %jmp T_10.36;
T_10.13 ;
    %pushi/vec4 705, 0, 16;
    %assign/vec4 v0x192f960_0, 0;
    %jmp T_10.36;
T_10.14 ;
    %pushi/vec4 18432, 0, 16;
    %assign/vec4 v0x192f960_0, 0;
    %jmp T_10.36;
T_10.15 ;
    %pushi/vec4 8448, 0, 16;
    %assign/vec4 v0x192f960_0, 0;
    %jmp T_10.36;
T_10.16 ;
    %pushi/vec4 0, 0, 16;
    %assign/vec4 v0x192f960_0, 0;
    %jmp T_10.36;
T_10.17 ;
    %pushi/vec4 2560, 0, 16;
    %assign/vec4 v0x192f960_0, 0;
    %jmp T_10.36;
T_10.18 ;
    %pushi/vec4 0, 0, 16;
    %assign/vec4 v0x192f960_0, 0;
    %jmp T_10.36;
T_10.19 ;
    %pushi/vec4 0, 0, 16;
    %assign/vec4 v0x192f960_0, 0;
    %jmp T_10.36;
T_10.20 ;
    %pushi/vec4 2050, 0, 16;
    %assign/vec4 v0x192f960_0, 0;
    %jmp T_10.36;
T_10.21 ;
    %pushi/vec4 0, 0, 16;
    %assign/vec4 v0x192f960_0, 0;
    %jmp T_10.36;
T_10.22 ;
    %pushi/vec4 0, 0, 16;
    %assign/vec4 v0x192f960_0, 0;
    %jmp T_10.36;
T_10.23 ;
    %pushi/vec4 0, 0, 16;
    %assign/vec4 v0x192f960_0, 0;
    %jmp T_10.36;
T_10.24 ;
    %pushi/vec4 2050, 0, 16;
    %assign/vec4 v0x192f960_0, 0;
    %jmp T_10.36;
T_10.25 ;
    %pushi/vec4 0, 0, 16;
    %assign/vec4 v0x192f960_0, 0;
    %jmp T_10.36;
T_10.26 ;
    %pushi/vec4 0, 0, 16;
    %assign/vec4 v0x192f960_0, 0;
    %jmp T_10.36;
T_10.27 ;
    %pushi/vec4 0, 0, 16;
    %assign/vec4 v0x192f960_0, 0;
    %jmp T_10.36;
T_10.28 ;
    %pushi/vec4 2050, 0, 16;
    %assign/vec4 v0x192f960_0, 0;
    %jmp T_10.36;
T_10.29 ;
    %pushi/vec4 0, 0, 16;
    %assign/vec4 v0x192f960_0, 0;
    %jmp T_10.36;
T_10.30 ;
    %pushi/vec4 0, 0, 16;
    %assign/vec4 v0x192f960_0, 0;
    %jmp T_10.36;
T_10.31 ;
    %pushi/vec4 272, 0, 16;
    %assign/vec4 v0x192f960_0, 0;
    %jmp T_10.36;
T_10.32 ;
    %pushi/vec4 0, 0, 16;
    %assign/vec4 v0x192f960_0, 0;
    %jmp T_10.36;
T_10.33 ;
    %pushi/vec4 0, 0, 16;
    %assign/vec4 v0x192f960_0, 0;
    %jmp T_10.36;
T_10.34 ;
    %vpi_call 7 92 "$finish" {0 0 0};
    %jmp T_10.36;
T_10.36 ;
    %pop/vec4 1;
    %jmp T_10;
    .thread T_10, $push;
    .scope S_0x1905b70;
T_11 ;
    %pushi/vec4 0, 0, 1;
    %assign/vec4 v0x19350b0_0, 0;
    %end;
    .thread T_11;
    .scope S_0x1905b70;
T_12 ;
    %delay 20, 0;
    %load/vec4 v0x1935530_0;
    %inv;
    %flag_set/vec4 8;
    %jmp/0xz  T_12.0, 8;
    %load/vec4 v0x19350b0_0;
    %inv;
    %store/vec4 v0x19350b0_0, 0, 1;
T_12.0 ;
    %jmp T_12;
    .thread T_12;
    .scope S_0x1905b70;
T_13 ;
    %pushi/vec4 0, 0, 1;
    %assign/vec4 v0x1934ed0_0, 0;
    %end;
    .thread T_13;
    .scope S_0x1905b70;
T_14 ;
    %pushi/vec4 1, 0, 1;
    %assign/vec4 v0x1935e10_0, 0;
    %end;
    .thread T_14;
    .scope S_0x1875460;
T_15 ;
    %pushi/vec4 1, 0, 1;
    %assign/vec4 v0x1935260_0, 0;
    %delay 40, 0;
    %pushi/vec4 0, 0, 1;
    %assign/vec4 v0x1935260_0, 0;
    %pushi/vec4 56, 0, 8;
    %ix/load 3, 14, 0;
    %flag_set/imm 4, 0;
    %ix/load 4, 0, 0; Constant delay
    %assign/vec4/a/d v0x1934340, 0, 4;
    %pushi/vec4 35, 0, 8;
    %ix/load 3, 15, 0;
    %flag_set/imm 4, 0;
    %ix/load 4, 0, 0; Constant delay
    %assign/vec4/a/d v0x1934340, 0, 4;
    %pushi/vec4 30, 0, 8;
    %ix/load 3, 0, 0;
    %flag_set/imm 4, 0;
    %ix/load 4, 0, 0; Constant delay
    %assign/vec4/a/d v0x1934340, 0, 4;
    %pushi/vec4 47, 0, 8;
    %ix/load 3, 1, 0;
    %flag_set/imm 4, 0;
    %ix/load 4, 0, 0; Constant delay
    %assign/vec4/a/d v0x1934340, 0, 4;
    %pushi/vec4 224, 0, 8;
    %ix/load 3, 2, 0;
    %flag_set/imm 4, 0;
    %ix/load 4, 0, 0; Constant delay
    %assign/vec4/a/d v0x1934340, 0, 4;
    %pushi/vec4 240, 0, 8;
    %ix/load 3, 3, 0;
    %flag_set/imm 4, 0;
    %ix/load 4, 0, 0; Constant delay
    %assign/vec4/a/d v0x1934340, 0, 4;
    %end;
    .thread T_15;
    .scope S_0x1875460;
T_16 ;
    %vpi_call 2 44 "$dumpfile", "vars.vcd" {0 0 0};
    %vpi_call 2 45 "$dumpvars", 32'sb00000000000000000000000000000000, S_0x1875460 {0 0 0};
    %end;
    .thread T_16;
    .scope S_0x1875460;
T_17 ;
    %wait E_0x191b150;
    %vpi_call 2 50 "$display", "out=  %h", v0x19353a0_0 {0 0 0};
    %jmp T_17;
    .thread T_17, $push;
# The file index is used to find the file name in the following table.
:file_names 13;
    "N/A";
    "<interactive>";
    "program.v";
    "./board.v";
    "./GPR.v";
    "./alu.v";
    "./adder.v";
    "./controlunit.v";
    "./instructionreg.v";
    "./memaddreg.v";
    "./outputRegister.v";
    "./programcounter.v";
    "./ram.v";
